app/build/intermediates/manifest_merge_blame_file/debug/manifest-merger-blame-debug-report.txt
1<?xml version="1.0" encoding="utf-8"?>
2<manifest xmlns:android="http://schemas.android.com/apk/res/android"
3    package="com.spacebilliard.app"
4    android:versionCode="1"
5    android:versionName="1.0" >
6
7    <uses-sdk
8        android:minSdkVersion="24"
9        android:targetSdkVersion="35" />
10
11    <!-- İnternet izni (ses dosyaları için) -->
12    <uses-permission android:name="android.permission.INTERNET" />
12-->src\main\AndroidManifest.xml:6:5-67
12-->src\main\AndroidManifest.xml:6:22-64
13    <uses-permission android:name="android.permission.ACCESS_NETWORK_STATE" />
13-->src\main\AndroidManifest.xml:7:5-79
13-->src\main\AndroidManifest.xml:7:22-76
14
15    <permission
15-->[androidx.core:core:1.12.0] AndroidManifest.xml:22:5-24:47
16        android:name="com.spacebilliard.app.DYNAMIC_RECEIVER_NOT_EXPORTED_PERMISSION"
16-->[androidx.core:core:1.12.0] AndroidManifest.xml:23:9-81
17        android:protectionLevel="signature" />
17-->[androidx.core:core:1.12.0] AndroidManifest.xml:24:9-44
18
19    <uses-permission android:name="com.spacebilliard.app.DYNAMIC_RECEIVER_NOT_EXPORTED_PERMISSION" />
19-->[androidx.core:core:1.12.0] AndroidManifest.xml:26:5-97
19-->[androidx.core:core:1.12.0] AndroidManifest.xml:26:22-94
20
21    <application
21-->src\main\AndroidManifest.xml:9:5-51:19
22        android:name="com.spacebilliard.app.OnlineApplication"
22-->src\main\AndroidManifest.xml:10:9-63
23        android:allowBackup="true"
23-->src\main\AndroidManifest.xml:11:9-35
24        android:appComponentFactory="androidx.core.app.CoreComponentFactory"
24-->[androidx.core:core:1.12.0] AndroidManifest.xml:28:18-86
25        android:debuggable="true"
26        android:extractNativeLibs="false"
27        android:icon="@mipmap/ic_launcher"
27-->src\main\AndroidManifest.xml:12:9-43
28        android:label="Space Billiard"
28-->src\main\AndroidManifest.xml:13:9-39
29        android:roundIcon="@mipmap/ic_launcher_round"
29-->src\main\AndroidManifest.xml:14:9-54
30        android:supportsRtl="true"
30-->src\main\AndroidManifest.xml:15:9-35
31        android:testOnly="true"
32        android:theme="@android:style/Theme.NoTitleBar.Fullscreen"
32-->src\main\AndroidManifest.xml:16:9-67
33        android:usesCleartextTraffic="true" >
33-->src\main\AndroidManifest.xml:17:9-44
34        <activity
34-->src\main\AndroidManifest.xml:19:9-28:20
35            android:name="com.spacebilliard.app.SplashActivity"
35-->src\main\AndroidManifest.xml:20:13-64
36            android:exported="true"
36-->src\main\AndroidManifest.xml:21:13-36
37            android:screenOrientation="portrait"
37-->src\main\AndroidManifest.xml:22:13-49
38            android:theme="@android:style/Theme.NoTitleBar.Fullscreen" >
38-->src\main\AndroidManifest.xml:23:13-71
39            <intent-filter>
39-->src\main\AndroidManifest.xml:24:13-27:29
40                <action android:name="android.intent.action.MAIN" />
40-->src\main\AndroidManifest.xml:25:17-69
40-->src\main\AndroidManifest.xml:25:25-66
41
42                <category android:name="android.intent.category.LAUNCHER" />
42-->src\main\AndroidManifest.xml:26:17-77
42-->src\main\AndroidManifest.xml:26:27-74
43            </intent-filter>
44        </activity>
45        <activity
45-->src\main\AndroidManifest.xml:30:9-35:74
46            android:name="com.spacebilliard.app.MainActivity"
46-->src\main\AndroidManifest.xml:31:13-62
47            android:configChanges="orientation|screenSize|screenLayout|keyboardHidden"
47-->src\main\AndroidManifest.xml:33:13-87
48            android:exported="true"
48-->src\main\AndroidManifest.xml:32:13-36
49            android:screenOrientation="portrait"
49-->src\main\AndroidManifest.xml:34:13-49
50            android:theme="@android:style/Theme.NoTitleBar.Fullscreen" />
50-->src\main\AndroidManifest.xml:35:13-71
51        <activity
51-->src\main\AndroidManifest.xml:37:9-40:73
52            android:name="com.spacebilliard.app.ShopActivity"
52-->src\main\AndroidManifest.xml:38:13-62
53            android:screenOrientation="portrait"
53-->src\main\AndroidManifest.xml:39:13-49
54            android:theme="@android:style/Theme.NoTitleBar.Fullscreen" />
54-->src\main\AndroidManifest.xml:40:13-71
55        <activity
55-->src\main\AndroidManifest.xml:42:9-45:73
56            android:name="com.spacebilliard.app.OnlineActivity"
56-->src\main\AndroidManifest.xml:43:13-64
57            android:screenOrientation="portrait"
57-->src\main\AndroidManifest.xml:44:13-49
58            android:theme="@android:style/Theme.NoTitleBar.Fullscreen" />
58-->src\main\AndroidManifest.xml:45:13-71
59        <activity
59-->src\main\AndroidManifest.xml:47:9-50:73
60            android:name="com.spacebilliard.app.OnlineGameActivity"
60-->src\main\AndroidManifest.xml:48:13-68
61            android:screenOrientation="portrait"
61-->src\main\AndroidManifest.xml:49:13-49
62            android:theme="@android:style/Theme.NoTitleBar.Fullscreen" />
62-->src\main\AndroidManifest.xml:50:13-71
63    </application>
64
65</manifest>